2015-01-07 17:20:26 [ MainThread ] [ INFO ] :  Beginning StudyBug at 2015-01-07 17:20:26.155322
2015-01-07 17:20:27 [ MainThread ] [ WARNING ] : No available time slots for room: room-225
2015-01-07 17:20:31 [ MainThread ] [ INFO ] :  Executed in 0:00:05.171417 seconds
2015-01-07 20:03:02 [ MainThread ] [ INFO ] :  Beginning StudyBug at 2015-01-07 20:03:02.573428
2015-01-07 20:03:24 [ MainThread ] [ INFO ] :  Beginning StudyBug at 2015-01-07 20:03:24.617082
2015-01-07 20:03:36 [ MainThread ] [ INFO ] :  Beginning StudyBug at 2015-01-07 20:03:36.830004
2015-01-07 20:04:21 [ MainThread ] [ INFO ] :  Beginning StudyBug at 2015-01-07 20:04:21.560735
2015-01-07 20:04:44 [ MainThread ] [ INFO ] :  Beginning StudyBug at 2015-01-07 20:04:44.436868
2015-01-07 20:06:21 [ MainThread ] [ INFO ] :  Beginning StudyBug at 2015-01-07 20:06:21.440176
2015-01-07 20:06:52 [ MainThread ] [ INFO ] :  Beginning StudyBug at 2015-01-07 20:06:52.790274
2015-01-07 20:07:02 [ MainThread ] [ INFO ] :  Beginning StudyBug at 2015-01-07 20:07:02.238754
2015-01-07 20:07:13 [ MainThread ] [ INFO ] :  Beginning StudyBug at 2015-01-07 20:07:13.744198
2015-01-07 20:08:33 [ MainThread ] [ INFO ] :  Beginning StudyBug at 2015-01-07 20:08:33.080993
2015-01-07 20:08:49 [ MainThread ] [ INFO ] :  Beginning StudyBug at 2015-01-07 20:08:49.633555
2015-01-07 20:08:55 [ MainThread ] [ INFO ] :  Beginning StudyBug at 2015-01-07 20:08:55.841224
2015-01-07 20:08:56 [ MainThread ] [ WARNING ] : No available time slots for room: room-225
2015-01-07 20:09:01 [ MainThread ] [ INFO ] :  Executed in 0:00:05.535769 seconds
2015-01-07 20:10:16 [ MainThread ] [ INFO ] :  Beginning StudyBug at 2015-01-07 20:10:16.555758
2015-01-07 20:10:17 [ MainThread ] [ WARNING ] : No available time slots for room: room-225 between 11:30 AM and 3:00 AM
2015-01-07 20:10:21 [ MainThread ] [ INFO ] :  Executed in 0:00:04.761199 seconds
2015-01-07 20:12:09 [ MainThread ] [ INFO ] :  Beginning StudyBug at 2015-01-07 20:12:09.877572
2015-01-07 20:12:17 [ MainThread ] [ WARNING ] : No available time slots for room: room-225 between 11:30 AM and 3:00 AM
2015-01-07 20:12:34 [ MainThread ] [ INFO ] :  Executed in 0:00:24.164847 seconds
2015-01-07 20:13:04 [ MainThread ] [ INFO ] :  Beginning StudyBug at 2015-01-07 20:13:04.881505
2015-01-07 20:13:05 [ MainThread ] [ WARNING ] : No available time slots for room: room-225 between 11:30 AM and 3:00 AM
2015-01-07 20:13:38 [ MainThread ] [ INFO ] :  Beginning StudyBug at 2015-01-07 20:13:38.437474
2015-01-07 20:13:39 [ MainThread ] [ WARNING ] : No available time slots for room: room-225 between 11:30 AM and 3:00 AM
2015-01-07 20:13:45 [ MainThread ] [ INFO ] :  Beginning StudyBug at 2015-01-07 20:13:45.790564
2015-01-07 20:13:47 [ MainThread ] [ WARNING ] : No available time slots for room: room-225 between 11:30 AM and 3:00 AM
2015-01-07 20:14:15 [ MainThread ] [ INFO ] :  Beginning StudyBug at 2015-01-07 20:14:15.574853
2015-01-07 20:14:17 [ MainThread ] [ WARNING ] : No available time slots for room: room-225 between 11:30 AM and 3:00 AM
2015-01-07 20:15:04 [ MainThread ] [ INFO ] :  Beginning StudyBug at 2015-01-07 20:15:04.438831
2015-01-07 20:15:05 [ MainThread ] [ WARNING ] : No available time slots for room: room-225 between 11:30 AM and 3:00 AM
2015-01-07 20:15:12 [ MainThread ] [ INFO ] :  Beginning StudyBug at 2015-01-07 20:15:12.577408
2015-01-07 20:15:13 [ MainThread ] [ WARNING ] : No available time slots for room: room-225 between 11:30 AM and 3:00 AM
2015-01-07 20:15:35 [ MainThread ] [ INFO ] :  Beginning StudyBug at 2015-01-07 20:15:35.593060
2015-01-07 20:15:36 [ MainThread ] [ WARNING ] : No available time slots for room: room-227 between 11:30 AM and 3:00 AM
2015-01-07 20:16:05 [ MainThread ] [ INFO ] :  Beginning StudyBug at 2015-01-07 20:16:05.407532
2015-01-07 20:16:06 [ MainThread ] [ INFO ] :  Total available time slots: 11
2015-01-07 20:16:15 [ MainThread ] [ INFO ] :  Executed in 0:00:10.048664 seconds
2015-01-07 20:32:22 [ MainThread ] [ INFO ] :  Beginning StudyBug at 2015-01-07 20:32:22.924336
2015-01-07 20:32:24 [ MainThread ] [ INFO ] :  Total available time slots: 11
2015-01-07 20:34:21 [ MainThread ] [ INFO ] :  Beginning StudyBug at 2015-01-07 20:34:21.785335
2015-01-07 20:34:22 [ MainThread ] [ INFO ] :  Total available time slots: 11
2015-01-07 20:35:20 [ MainThread ] [ INFO ] :  Beginning StudyBug at 2015-01-07 20:35:20.761325
2015-01-07 20:35:21 [ MainThread ] [ INFO ] :  Total available time slots: 11
2015-01-07 20:36:22 [ MainThread ] [ INFO ] :  Beginning StudyBug at 2015-01-07 20:36:22.871212
2015-01-07 20:36:23 [ MainThread ] [ INFO ] :  Total available time slots: 11
2015-01-07 20:36:54 [ MainThread ] [ INFO ] :  Beginning StudyBug at 2015-01-07 20:36:54.562459
2015-01-07 20:36:55 [ MainThread ] [ INFO ] :  Total available time slots: 11
2015-01-07 20:37:44 [ MainThread ] [ INFO ] :  Beginning StudyBug at 2015-01-07 20:37:44.765246
2015-01-07 20:37:45 [ MainThread ] [ INFO ] :  Total available time slots: 11
2015-01-07 20:37:55 [ MainThread ] [ INFO ] :  Executed in 0:00:10.396191 seconds
2015-01-07 20:38:30 [ MainThread ] [ INFO ] :  Beginning StudyBug at 2015-01-07 20:38:30.555001
2015-01-07 20:38:32 [ MainThread ] [ INFO ] :  Total available time slots: 11
2015-01-07 20:39:13 [ MainThread ] [ INFO ] :  Executed in 0:00:43.251392 seconds
2015-01-07 20:39:20 [ MainThread ] [ INFO ] :  Beginning StudyBug at 2015-01-07 20:39:20.437787
2015-01-07 20:39:21 [ MainThread ] [ INFO ] :  Total available time slots: 11
2015-01-07 20:39:31 [ MainThread ] [ INFO ] :  Executed in 0:00:10.864699 seconds
2015-01-07 20:39:40 [ MainThread ] [ INFO ] :  Beginning StudyBug at 2015-01-07 20:39:40.763290
2015-01-07 20:39:41 [ MainThread ] [ INFO ] :  Total available time slots: 11
2015-01-07 20:39:49 [ MainThread ] [ INFO ] :  Executed in 0:00:08.588959 seconds
2015-01-07 20:39:55 [ MainThread ] [ INFO ] :  Beginning StudyBug at 2015-01-07 20:39:55.153878
2015-01-07 20:39:56 [ MainThread ] [ INFO ] :  Total available time slots: 11
2015-01-07 20:40:04 [ MainThread ] [ INFO ] :  Executed in 0:00:09.156257 seconds
2015-01-07 20:53:21 [ MainThread ] [ INFO ] :  Beginning StudyBug at 2015-01-07 20:53:21.506421
2015-01-07 20:53:22 [ MainThread ] [ INFO ] :  Total available time slots: 11
2015-01-07 20:54:53 [ MainThread ] [ INFO ] :  Beginning StudyBug at 2015-01-07 20:54:53.625571
2015-01-07 20:54:54 [ MainThread ] [ INFO ] :  Total available time slots: 11
2015-01-07 20:55:03 [ MainThread ] [ INFO ] :  Executed in 0:00:09.524596 seconds
2015-01-07 20:55:45 [ MainThread ] [ INFO ] :  Beginning StudyBug at 2015-01-07 20:55:45.754737
2015-01-07 20:55:47 [ MainThread ] [ INFO ] :  Total available time slots: 11
2015-01-07 20:58:19 [ MainThread ] [ INFO ] :  Beginning StudyBug at 2015-01-07 20:58:19.700002
2015-01-07 20:58:20 [ MainThread ] [ INFO ] :  Total available time slots: 11
2015-01-07 20:59:20 [ MainThread ] [ INFO ] :  Beginning StudyBug at 2015-01-07 20:59:20.457245
2015-01-07 20:59:21 [ MainThread ] [ INFO ] :  Total available time slots: 11
2015-01-07 21:00:02 [ MainThread ] [ INFO ] :  Beginning StudyBug at 2015-01-07 21:00:02.459137
2015-01-07 21:00:03 [ MainThread ] [ INFO ] :  Total available time slots: 11
2015-01-07 21:01:59 [ MainThread ] [ INFO ] :  Beginning StudyBug at 2015-01-07 21:01:59.608647
2015-01-07 21:02:00 [ MainThread ] [ INFO ] :  Total available time slots: 11
2015-01-07 21:02:14 [ MainThread ] [ INFO ] :  Executed in 0:00:15.048361 seconds
2015-01-07 21:03:27 [ MainThread ] [ INFO ] :  Beginning StudyBug at 2015-01-07 21:03:27.559722
2015-01-07 21:03:28 [ MainThread ] [ INFO ] :  Total available time slots: 11
2015-01-07 21:03:37 [ MainThread ] [ INFO ] :  Executed in 0:00:09.735494 seconds
2015-01-07 21:03:49 [ MainThread ] [ INFO ] :  Beginning StudyBug at 2015-01-07 21:03:49.514915
2015-01-07 21:03:50 [ MainThread ] [ INFO ] :  Total available time slots: 11
2015-01-07 21:03:58 [ MainThread ] [ INFO ] :  Executed in 0:00:08.537692 seconds
2015-01-07 21:06:32 [ MainThread ] [ INFO ] :  Beginning StudyBug at 2015-01-07 21:06:32.658738
2015-01-07 21:06:34 [ MainThread ] [ INFO ] :  Total available time slots: 11
2015-01-07 21:06:43 [ MainThread ] [ INFO ] :  Executed in 0:00:10.655056 seconds
2015-01-07 21:07:35 [ MainThread ] [ INFO ] :  Beginning StudyBug at 2015-01-07 21:07:35.467180
2015-01-07 21:07:36 [ MainThread ] [ INFO ] :  Total available time slots: 11
2015-01-07 21:07:45 [ MainThread ] [ INFO ] :  Executed in 0:00:09.957544 seconds
2015-01-07 21:12:44 [ MainThread ] [ INFO ] :  Beginning StudyBug at 2015-01-07 21:12:44.055100
2015-01-07 21:12:45 [ MainThread ] [ INFO ] :  Total available time slots: 11
2015-01-07 21:12:54 [ MainThread ] [ INFO ] :  Executed in 0:00:10.408877 seconds
2015-01-07 21:12:54 [ MainThread ] [ INFO ] : Confirming...
2015-01-07 21:12:56 [ MainThread ] [ INFO ] : Checking user mcgoga12
2015-01-07 21:12:58 [ MainThread ] [ INFO ] : Checking user kleitc13
2015-01-07 21:14:16 [ MainThread ] [ INFO ] :  Beginning StudyBug at 2015-01-07 21:14:16.108482
2015-01-07 21:14:16 [ MainThread ] [ INFO ] :  Total available time slots: 11
2015-01-07 21:14:26 [ MainThread ] [ INFO ] :  Executed in 0:00:10.165327 seconds
2015-01-07 21:14:26 [ MainThread ] [ INFO ] : Confirming...
2015-01-07 21:14:31 [ MainThread ] [ INFO ] : Checking user mcgoga12
2015-01-07 21:14:58 [ MainThread ] [ INFO ] :  Beginning StudyBug at 2015-01-07 21:14:58.467761
2015-01-07 21:14:59 [ MainThread ] [ INFO ] :  Total available time slots: 11
2015-01-07 21:15:06 [ MainThread ] [ INFO ] :  Executed in 0:00:07.558202 seconds
2015-01-07 21:15:06 [ MainThread ] [ INFO ] : Confirming...
2015-01-07 21:15:09 [ MainThread ] [ INFO ] : Checking user mcgoga12
2015-01-07 21:15:11 [ MainThread ] [ INFO ] : Checking user kleitc13
2015-01-07 21:16:58 [ MainThread ] [ INFO ] :  Beginning StudyBug at 2015-01-07 21:16:58.478645
2015-01-07 21:16:59 [ MainThread ] [ INFO ] :  Total available time slots: 11
2015-01-07 21:17:08 [ MainThread ] [ INFO ] :  Executed in 0:00:10.248154 seconds
2015-01-07 21:17:08 [ MainThread ] [ INFO ] : Confirming...
2015-01-07 21:17:11 [ MainThread ] [ INFO ] : Checking user mcgoga12
2015-01-07 21:17:14 [ MainThread ] [ INFO ] : Checking user kleitc13
2015-01-07 21:17:16 [ MainThread ] [ INFO ] : Checking user diazja13
2015-01-07 21:19:16 [ MainThread ] [ INFO ] :  Beginning StudyBug at 2015-01-07 21:19:16.745161
2015-01-07 21:19:18 [ MainThread ] [ INFO ] :  Total available time slots: 11
2015-01-07 21:19:27 [ MainThread ] [ INFO ] :  Executed in 0:00:10.311050 seconds
2015-01-07 21:19:27 [ MainThread ] [ INFO ] : Confirming...
2015-01-07 21:19:29 [ MainThread ] [ INFO ] : Checking user mcgoga12
2015-01-07 21:19:32 [ MainThread ] [ INFO ] : Checking user kleitc13
2015-01-07 21:19:34 [ MainThread ] [ INFO ] : Checking user diazja13
2015-01-07 21:20:00 [ MainThread ] [ INFO ] :  Beginning StudyBug at 2015-01-07 21:20:00.050182
2015-01-07 21:20:00 [ MainThread ] [ INFO ] :  Total available time slots: 11
2015-01-07 21:20:10 [ MainThread ] [ INFO ] :  Executed in 0:00:10.565244 seconds
2015-01-07 21:20:10 [ MainThread ] [ INFO ] : Confirming...
2015-01-07 21:20:13 [ MainThread ] [ INFO ] : Checking user mcgoga12
2015-01-07 21:20:16 [ MainThread ] [ INFO ] : Checking user kleitc13
2015-01-07 21:20:17 [ MainThread ] [ INFO ] : Checking user diazja13
2015-01-07 21:21:30 [ MainThread ] [ INFO ] :  Beginning StudyBug at 2015-01-07 21:21:30.076062
2015-01-07 21:21:31 [ MainThread ] [ INFO ] :  Total available time slots: 11
2015-01-07 21:21:41 [ MainThread ] [ INFO ] :  Executed in 0:00:11.828956 seconds
2015-01-07 21:21:41 [ MainThread ] [ INFO ] : Confirming...
2015-01-07 21:21:44 [ MainThread ] [ INFO ] : Checking user mcgoga12
2015-01-07 21:21:47 [ MainThread ] [ INFO ] : Checking user kleitc13
2015-01-07 21:21:49 [ MainThread ] [ INFO ] : Checking user diazja13
2015-01-07 21:22:28 [ MainThread ] [ INFO ] :  Beginning StudyBug at 2015-01-07 21:22:28.484076
2015-01-07 21:22:29 [ MainThread ] [ WARNING ] : No available time slots for room: room-225 between 11:30 AM and 3:00 AM
2015-01-07 21:26:18 [ MainThread ] [ INFO ] :  Beginning StudyBug at 2015-01-07 21:26:18.453897
2015-01-07 21:26:19 [ MainThread ] [ WARNING ] : No available time slots for room: room-225 between 11:30 AM and 3:00 AM
2015-01-07 21:28:04 [ MainThread ] [ INFO ] :  Beginning StudyBug at 2015-01-07 21:28:04.405902
2015-01-07 21:28:05 [ MainThread ] [ WARNING ] : No available time slots for room: room-225 between 11:30 AM and 3:00 AM
2015-01-07 21:29:16 [ MainThread ] [ INFO ] :  Beginning StudyBug at 2015-01-07 21:29:16.387088
2015-01-07 21:29:17 [ MainThread ] [ WARNING ] : No available time slots for room: room-225 between 11:30 AM and 3:00 AM
2015-01-07 21:29:36 [ MainThread ] [ INFO ] :  Beginning StudyBug at 2015-01-07 21:29:36.213817
2015-01-07 21:29:37 [ MainThread ] [ WARNING ] : No available time slots for room: room-225 between 11:30 AM and 3:00 AM
2015-01-07 21:29:48 [ MainThread ] [ INFO ] :  Beginning StudyBug at 2015-01-07 21:29:48.704106
2015-01-07 21:29:49 [ MainThread ] [ WARNING ] : No available time slots for room: room-225 between 11:30 AM and 3:00 AM
2015-01-07 21:30:00 [ MainThread ] [ INFO ] :  Beginning StudyBug at 2015-01-07 21:30:00.669171
2015-01-07 21:30:01 [ MainThread ] [ WARNING ] : No available time slots for room: room-225 between 11:30 AM and 3:00 AM
2015-01-07 21:30:01 [ MainThread ] [ INFO ] : Confirming...
2015-01-07 21:31:44 [ MainThread ] [ INFO ] :  Beginning StudyBug at 2015-01-07 21:31:44.895075
2015-01-07 21:31:45 [ MainThread ] [ WARNING ] : No available time slots for room: room-225 between 11:30 AM and 3:00 AM
2015-01-07 21:31:45 [ MainThread ] [ INFO ] : Confirming...
2015-01-07 21:31:48 [ MainThread ] [ INFO ] : Checking user mcgoga12
2015-01-07 21:31:52 [ MainThread ] [ INFO ] : Checking user kleitc13
2015-01-07 21:31:54 [ MainThread ] [ INFO ] : Checking user diazja13
2015-01-07 21:31:55 [ MainThread ] [ INFO ] : Checking user keanns13
2015-01-07 21:31:57 [ MainThread ] [ INFO ] : Checking user sandef13
2015-01-07 21:33:22 [ MainThread ] [ INFO ] :  Beginning StudyBug at 2015-01-07 21:33:22.905571
2015-01-07 21:33:24 [ MainThread ] [ WARNING ] : No available time slots for room: room-225 between 11:30 AM and 3:00 AM
2015-01-07 21:33:24 [ MainThread ] [ INFO ] : Confirming...
2015-01-07 21:33:26 [ MainThread ] [ INFO ] : Checking user mcgoga12
2015-01-07 21:33:29 [ MainThread ] [ INFO ] : Checking user kleitc13
2015-01-07 21:33:31 [ MainThread ] [ INFO ] : Checking user diazja13
2015-01-07 21:33:32 [ MainThread ] [ INFO ] : Checking user keanns13
2015-01-07 21:33:34 [ MainThread ] [ INFO ] : Checking user sandef13
2015-01-07 21:35:08 [ MainThread ] [ INFO ] :  Beginning StudyBug at 2015-01-07 21:35:08.416270
2015-01-07 21:35:09 [ MainThread ] [ WARNING ] : No available time slots for room: room-225 between 11:30 AM and 3:00 AM
2015-01-07 21:35:09 [ MainThread ] [ INFO ] : Confirming...
2015-01-07 21:35:13 [ MainThread ] [ INFO ] : Checking user mcgoga12
2015-01-07 21:35:16 [ MainThread ] [ INFO ] : Checking user kleitc13
2015-01-07 21:36:29 [ MainThread ] [ INFO ] :  Beginning StudyBug at 2015-01-07 21:36:29.661430
2015-01-07 21:36:30 [ MainThread ] [ WARNING ] : No available time slots for room: room-225 between 11:30 AM and 3:00 AM
2015-01-07 21:36:30 [ MainThread ] [ INFO ] : Confirming...
2015-01-07 21:36:33 [ MainThread ] [ INFO ] : Checking user mcgoga12
2015-01-07 21:36:39 [ MainThread ] [ INFO ] : Checking user kleitc13
2015-01-07 21:37:30 [ MainThread ] [ INFO ] :  Beginning StudyBug at 2015-01-07 21:37:30.865021
2015-01-07 21:37:32 [ MainThread ] [ WARNING ] : No available time slots for room: room-225 between 11:30 AM and 3:00 AM
2015-01-07 21:37:32 [ MainThread ] [ INFO ] : Confirming...
2015-01-07 21:37:51 [ MainThread ] [ INFO ] :  Beginning StudyBug at 2015-01-07 21:37:51.476505
2015-01-07 21:37:52 [ MainThread ] [ WARNING ] : No available time slots for room: room-225 between 11:30 AM and 3:00 AM
2015-01-07 21:37:52 [ MainThread ] [ INFO ] : Confirming...
2015-01-07 21:37:55 [ MainThread ] [ INFO ] : Checking user mcgoga12
2015-01-07 21:37:58 [ MainThread ] [ INFO ] : Checking user kleitc13
2015-01-07 21:39:44 [ MainThread ] [ INFO ] :  Beginning StudyBug at 2015-01-07 21:39:44.351161
2015-01-07 21:39:45 [ MainThread ] [ WARNING ] : No available time slots for room: room-225 between 11:30 AM and 3:00 AM
2015-01-07 21:39:45 [ MainThread ] [ INFO ] : Confirming...
2015-01-07 21:39:49 [ MainThread ] [ INFO ] : Checking user mcgoga12
2015-01-07 21:39:52 [ MainThread ] [ INFO ] : Checking user kleitc13
2015-01-07 21:40:59 [ MainThread ] [ INFO ] :  Beginning StudyBug at 2015-01-07 21:40:59.651989
2015-01-07 21:41:00 [ MainThread ] [ WARNING ] : No available time slots for room: room-225 between 11:30 AM and 3:00 AM
2015-01-07 21:41:00 [ MainThread ] [ INFO ] : Confirming...
2015-01-07 21:41:03 [ MainThread ] [ INFO ] : Checking user mcgoga12
2015-01-07 21:42:07 [ MainThread ] [ INFO ] :  Beginning StudyBug at 2015-01-07 21:42:07.000182
2015-01-07 21:42:08 [ MainThread ] [ WARNING ] : No available time slots for room: room-225 between 11:30 AM and 3:00 AM
2015-01-07 21:42:08 [ MainThread ] [ INFO ] : Confirming...
2015-01-07 21:42:11 [ MainThread ] [ INFO ] : Checking user mcgoga12
2015-01-07 21:42:16 [ MainThread ] [ INFO ] : Checking user kleitc13
2015-01-07 21:42:21 [ MainThread ] [ INFO ] : Checking user diazja13
2015-01-07 21:42:26 [ MainThread ] [ INFO ] : Checking user keanns13
2015-01-07 21:42:31 [ MainThread ] [ INFO ] : Checking user sandef13
2015-01-07 21:43:20 [ MainThread ] [ INFO ] :  Beginning StudyBug at 2015-01-07 21:43:20.445083
2015-01-07 21:43:21 [ MainThread ] [ WARNING ] : No available time slots for room: room-225 between 11:30 AM and 3:00 AM
2015-01-07 21:43:21 [ MainThread ] [ INFO ] : Confirming...
2015-01-07 21:43:24 [ MainThread ] [ INFO ] : Checking user mcgoga12
2015-01-07 21:43:30 [ MainThread ] [ INFO ] : Checking user kleitc13
2015-01-07 21:43:36 [ MainThread ] [ INFO ] : Checking user diazja13
2015-01-07 21:43:41 [ MainThread ] [ INFO ] : Checking user keanns13
2015-01-07 21:43:47 [ MainThread ] [ INFO ] : Checking user sandef13
2015-01-07 21:43:52 [ MainThread ] [ INFO ] : Checking user vansdr13
2015-01-07 21:43:58 [ MainThread ] [ INFO ] : Checking user shelbj12
2015-01-07 21:44:03 [ MainThread ] [ INFO ] : Checking user barrwd12
2015-01-07 21:46:05 [ MainThread ] [ INFO ] :  Beginning StudyBug at 2015-01-07 21:46:05.420228
2015-01-07 21:46:06 [ MainThread ] [ WARNING ] : No available time slots for room: room-225 between 11:30 AM and 3:00 AM
2015-01-07 21:46:06 [ MainThread ] [ INFO ] : Confirming...
2015-01-07 21:46:11 [ MainThread ] [ INFO ] : Checking user mcgoga12
2015-01-07 21:46:17 [ MainThread ] [ INFO ] : Checking user kleitc13
2015-01-07 21:46:22 [ MainThread ] [ INFO ] : Checking user diazja13
2015-01-07 21:46:27 [ MainThread ] [ INFO ] : Checking user keanns13
2015-01-07 21:46:34 [ MainThread ] [ INFO ] : Checking user sandef13
2015-01-07 21:46:39 [ MainThread ] [ INFO ] : Checking user vansdr13
2015-01-07 21:46:45 [ MainThread ] [ INFO ] : Checking user shelbj12
2015-01-07 21:46:50 [ MainThread ] [ INFO ] : Checking user barrwd12
2015-01-07 21:48:57 [ MainThread ] [ INFO ] :  Beginning StudyBug at 2015-01-07 21:48:57.309967
2015-01-07 21:48:58 [ MainThread ] [ WARNING ] : No available time slots for room: room-225 between 11:30 AM and 3:00 AM
2015-01-07 21:48:58 [ MainThread ] [ INFO ] : Confirming...
2015-01-07 21:49:02 [ MainThread ] [ INFO ] : Checking user mcgoga12
2015-01-07 21:49:08 [ MainThread ] [ INFO ] : Checking user kleitc13
2015-01-07 21:49:13 [ MainThread ] [ INFO ] : Checking user diazja13
2015-01-07 21:49:19 [ MainThread ] [ INFO ] : Checking user keanns13
2015-01-07 21:49:25 [ MainThread ] [ INFO ] : Checking user sandef13
2015-01-07 21:49:30 [ MainThread ] [ INFO ] : Checking user vansdr13
2015-01-07 21:49:35 [ MainThread ] [ INFO ] : Checking user shelbj12
2015-01-07 21:49:41 [ MainThread ] [ INFO ] : Checking user barrwd12
2015-01-07 21:49:55 [ MainThread ] [ INFO ] :  Beginning StudyBug at 2015-01-07 21:49:55.948928
2015-01-07 21:49:56 [ MainThread ] [ WARNING ] : No available time slots for room: room-225 between 11:30 AM and 3:00 AM
2015-01-07 21:49:56 [ MainThread ] [ INFO ] : Confirming...
2015-01-07 21:50:00 [ MainThread ] [ INFO ] : Checking user mcgoga12
2015-01-07 21:50:06 [ MainThread ] [ INFO ] : Checking user kleitc13
2015-01-07 21:50:12 [ MainThread ] [ INFO ] : Checking user diazja13
2015-01-07 21:50:19 [ MainThread ] [ INFO ] : Checking user keanns13
2015-01-07 21:50:25 [ MainThread ] [ INFO ] : Checking user sandef13
2015-01-07 21:50:31 [ MainThread ] [ INFO ] : Checking user vansdr13
2015-01-07 21:50:37 [ MainThread ] [ INFO ] : Checking user shelbj12
2015-01-07 21:50:44 [ MainThread ] [ INFO ] : Checking user barrwd12
2015-01-07 22:04:29 [ MainThread ] [ INFO ] :  Beginning StudyBug at 2015-01-07 22:04:29.082908
2015-01-07 22:04:30 [ MainThread ] [ WARNING ] : No available time slots for room: room-225 between 11:30 AM and 3:00 AM
2015-01-07 22:05:53 [ MainThread ] [ INFO ] :  Beginning StudyBug at 2015-01-07 22:05:53.832020
2015-01-07 22:05:54 [ MainThread ] [ WARNING ] : No available time slots for room: room-225 between 11:30 AM and 3:00 AM
2015-01-07 22:06:04 [ MainThread ] [ INFO ] :  Beginning StudyBug at 2015-01-07 22:06:04.097679
2015-01-07 22:06:04 [ MainThread ] [ WARNING ] : No available time slots for room: room-225 between 11:30 AM and 3:00 AM
2015-01-07 22:07:07 [ MainThread ] [ INFO ] :  Beginning StudyBug at 2015-01-07 22:07:07.601752
2015-01-07 22:07:08 [ MainThread ] [ WARNING ] : No available time slots for room: room-225 between 11:30 AM and 3:00 AM
2015-01-07 22:07:08 [ MainThread ] [ INFO ] : Confirming...
2015-01-07 22:07:12 [ MainThread ] [ INFO ] : Checking user mcgoga12
2015-01-07 22:07:17 [ MainThread ] [ INFO ] : Checking user kleitc13
2015-01-07 22:07:23 [ MainThread ] [ INFO ] : Checking user diazja13
2015-01-07 22:07:28 [ MainThread ] [ INFO ] : Checking user keanns13
2015-01-07 22:07:37 [ MainThread ] [ INFO ] : Checking user sandef13
2015-01-07 22:07:42 [ MainThread ] [ INFO ] : Checking user vansdr13
2015-01-07 22:07:48 [ MainThread ] [ INFO ] : Checking user shelbj12
2015-01-07 22:07:52 [ MainThread ] [ INFO ] : Checking user barrwd12
2015-01-07 22:09:21 [ MainThread ] [ INFO ] :  Beginning StudyBug at 2015-01-07 22:09:21.074301
2015-01-07 22:09:22 [ MainThread ] [ WARNING ] : No available time slots for room: room-225 between 11:30 AM and 3:00 AM
2015-01-07 22:09:22 [ MainThread ] [ INFO ] : Confirming...
2015-01-07 22:09:25 [ MainThread ] [ INFO ] : Checking user mcgoga12
2015-01-07 22:09:31 [ MainThread ] [ INFO ] : Checking user kleitc13
2015-01-07 22:09:36 [ MainThread ] [ INFO ] : Checking user diazja13
2015-01-07 22:09:43 [ MainThread ] [ INFO ] : Checking user keanns13
2015-01-07 22:09:48 [ MainThread ] [ INFO ] : Checking user sandef13
2015-01-07 22:09:53 [ MainThread ] [ INFO ] : Checking user vansdr13
2015-01-07 22:09:58 [ MainThread ] [ INFO ] : Checking user shelbj12
2015-01-07 22:10:04 [ MainThread ] [ INFO ] : Checking user barrwd12
2015-01-07 22:10:46 [ MainThread ] [ INFO ] :  Beginning StudyBug at 2015-01-07 22:10:46.248661
2015-01-07 22:10:47 [ MainThread ] [ WARNING ] : No available time slots for room: room-225 between 11:30 AM and 3:00 AM
2015-01-07 22:10:47 [ MainThread ] [ INFO ] : Confirming...
2015-01-07 22:10:50 [ MainThread ] [ INFO ] : Checking user mcgoga12
2015-01-07 22:10:56 [ MainThread ] [ INFO ] : Checking user kleitc13
2015-01-07 22:11:03 [ MainThread ] [ INFO ] : Checking user diazja13
2015-01-07 22:11:09 [ MainThread ] [ INFO ] : Checking user keanns13
2015-01-07 22:11:16 [ MainThread ] [ INFO ] : Checking user sandef13
2015-01-07 22:11:21 [ MainThread ] [ INFO ] : Checking user vansdr13
2015-01-07 22:11:26 [ MainThread ] [ INFO ] : Checking user shelbj12
2015-01-07 22:11:31 [ MainThread ] [ INFO ] : Checking user barrwd12
2015-01-07 22:11:39 [ MainThread ] [ INFO ] :  Beginning StudyBug at 2015-01-07 22:11:39.483483
2015-01-07 22:11:40 [ MainThread ] [ WARNING ] : No available time slots for room: room-225 between 11:30 AM and 3:00 AM
2015-01-07 22:11:40 [ MainThread ] [ INFO ] : Confirming...
2015-01-07 22:11:42 [ MainThread ] [ INFO ] : Checking user mcgoga12
2015-01-07 22:11:49 [ MainThread ] [ INFO ] : Checking user kleitc13
2015-01-07 22:11:54 [ MainThread ] [ INFO ] : Checking user diazja13
2015-01-07 22:11:59 [ MainThread ] [ INFO ] : Checking user keanns13
2015-01-07 22:12:04 [ MainThread ] [ INFO ] : Checking user sandef13
2015-01-07 22:12:10 [ MainThread ] [ INFO ] : Checking user vansdr13
2015-01-07 22:12:17 [ MainThread ] [ INFO ] : Checking user shelbj12
2015-01-07 22:12:22 [ MainThread ] [ INFO ] : Checking user barrwd12
2015-01-07 22:13:08 [ MainThread ] [ INFO ] :  Beginning StudyBug at 2015-01-07 22:13:08.563803
2015-01-07 22:13:09 [ MainThread ] [ WARNING ] : No available time slots for room: room-225 between 11:30 AM and 3:00 AM
2015-01-07 22:13:09 [ MainThread ] [ INFO ] : Confirming...
2015-01-07 22:13:11 [ MainThread ] [ INFO ] : Checking user mcgoga12
2015-01-07 22:13:16 [ MainThread ] [ INFO ] : Checking user kleitc13
2015-01-07 22:13:21 [ MainThread ] [ INFO ] : Checking user diazja13
2015-01-07 22:13:27 [ MainThread ] [ INFO ] : Checking user keanns13
2015-01-07 22:13:34 [ MainThread ] [ INFO ] : Checking user sandef13
2015-01-07 22:13:40 [ MainThread ] [ INFO ] : Checking user vansdr13
2015-01-07 22:13:45 [ MainThread ] [ INFO ] : Checking user shelbj12
2015-01-07 22:13:51 [ MainThread ] [ INFO ] : Checking user barrwd12
2015-01-07 22:14:16 [ MainThread ] [ INFO ] :  Beginning StudyBug at 2015-01-07 22:14:16.382118
2015-01-07 22:14:17 [ MainThread ] [ WARNING ] : No available time slots for room: room-225 between 11:30 AM and 3:00 AM
2015-01-07 22:14:17 [ MainThread ] [ INFO ] : Confirming...
2015-01-07 22:14:19 [ MainThread ] [ INFO ] : Checking user mcgoga12
2015-01-07 22:14:26 [ MainThread ] [ INFO ] : Checking user kleitc13
2015-01-07 22:14:31 [ MainThread ] [ INFO ] : Checking user diazja13
2015-01-07 22:14:37 [ MainThread ] [ INFO ] : Checking user keanns13
2015-01-07 22:14:43 [ MainThread ] [ INFO ] : Checking user sandef13
2015-01-07 22:14:49 [ MainThread ] [ INFO ] : Checking user vansdr13
2015-01-07 22:14:54 [ MainThread ] [ INFO ] : Checking user shelbj12
2015-01-07 22:14:59 [ MainThread ] [ INFO ] : Checking user barrwd12
2015-01-07 22:15:35 [ MainThread ] [ INFO ] :  Beginning StudyBug at 2015-01-07 22:15:35.849988
2015-01-07 22:15:36 [ MainThread ] [ WARNING ] : No available time slots for room: room-225 between 11:30 AM and 3:00 AM
2015-01-07 22:15:36 [ MainThread ] [ INFO ] : Confirming...
2015-01-07 22:15:39 [ MainThread ] [ INFO ] : Checking user mcgoga12
2015-01-07 22:15:45 [ MainThread ] [ INFO ] : Checking user kleitc13
2015-01-07 22:15:52 [ MainThread ] [ INFO ] : Checking user diazja13
2015-01-07 22:15:57 [ MainThread ] [ INFO ] : Checking user keanns13
2015-01-07 22:16:03 [ MainThread ] [ INFO ] : Checking user sandef13
2015-01-07 22:16:08 [ MainThread ] [ INFO ] : Checking user vansdr13
2015-01-07 22:16:15 [ MainThread ] [ INFO ] : Checking user shelbj12
2015-01-07 22:16:21 [ MainThread ] [ INFO ] : Checking user barrwd12
2015-01-07 22:17:43 [ MainThread ] [ INFO ] :  Beginning StudyBug at 2015-01-07 22:17:43.075874
2015-01-07 22:17:44 [ MainThread ] [ WARNING ] : No available time slots for room: room-225 between 11:30 AM and 3:00 AM
2015-01-07 22:17:44 [ MainThread ] [ INFO ] : Confirming...
2015-01-07 22:17:47 [ MainThread ] [ INFO ] : Checking user mcgoga12
2015-01-07 22:17:54 [ MainThread ] [ INFO ] : Checking user kleitc13
2015-01-07 22:18:00 [ MainThread ] [ INFO ] : Checking user diazja13
2015-01-07 22:18:06 [ MainThread ] [ INFO ] : Checking user keanns13
2015-01-07 22:18:12 [ MainThread ] [ INFO ] : Checking user sandef13
2015-01-07 22:18:17 [ MainThread ] [ INFO ] : Checking user vansdr13
2015-01-07 22:18:22 [ MainThread ] [ INFO ] : Checking user shelbj12
2015-01-07 22:18:28 [ MainThread ] [ INFO ] : Checking user barrwd12
2015-01-07 22:22:56 [ MainThread ] [ INFO ] :  Beginning StudyBug at 2015-01-07 22:22:56.026773
2015-01-07 22:22:56 [ MainThread ] [ WARNING ] : No available time slots for room: room-225 between 11:30 AM and 3:00 AM
2015-01-07 22:22:56 [ MainThread ] [ INFO ] : Confirming...
2015-01-07 22:23:00 [ MainThread ] [ INFO ] : Checking user mcgoga12
2015-01-07 22:23:06 [ MainThread ] [ INFO ] : Checking user kleitc13
2015-01-07 22:23:12 [ MainThread ] [ INFO ] : Checking user diazja13
2015-01-07 22:23:18 [ MainThread ] [ INFO ] : Checking user keanns13
2015-01-07 22:23:24 [ MainThread ] [ INFO ] : Checking user sandef13
2015-01-07 22:23:30 [ MainThread ] [ INFO ] : Checking user vansdr13
2015-01-07 22:23:36 [ MainThread ] [ INFO ] : Checking user shelbj12
2015-01-07 22:23:41 [ MainThread ] [ INFO ] : Checking user barrwd12
2015-01-07 22:25:53 [ MainThread ] [ INFO ] : //NEW LOG BLOCK --------------------
2015-01-07 22:25:53 [ MainThread ] [ INFO ] :  Beginning StudyBug at 2015-01-07 22:25:53.840503
2015-01-07 22:25:54 [ MainThread ] [ WARNING ] : No available time slots for room: room-225 between 11:30 AM and 3:00 AM
2015-01-07 22:25:54 [ MainThread ] [ INFO ] : Confirming...
2015-01-07 22:25:58 [ MainThread ] [ INFO ] : Checking user mcgoga12
2015-01-07 22:26:05 [ MainThread ] [ INFO ] : Checking user kleitc13
2015-01-07 22:26:13 [ MainThread ] [ INFO ] : Checking user diazja13
2015-01-07 22:26:19 [ MainThread ] [ INFO ] : Checking user keanns13
2015-01-07 22:26:24 [ MainThread ] [ INFO ] : Checking user sandef13
2015-01-07 22:26:30 [ MainThread ] [ INFO ] : Checking user vansdr13
2015-01-07 22:26:35 [ MainThread ] [ INFO ] : Checking user shelbj12
2015-01-07 22:26:42 [ MainThread ] [ INFO ] : Checking user barrwd12
2015-01-07 22:28:50 [ MainThread ] [ INFO ] : //NEW LOG BLOCK --------------------
2015-01-07 22:28:50 [ MainThread ] [ INFO ] :  Beginning StudyBug at 2015-01-07 22:28:50.944022
2015-01-07 22:28:51 [ MainThread ] [ WARNING ] : No available time slots for room: room-225 between 11:30 AM and 3:00 AM
2015-01-07 22:28:51 [ MainThread ] [ INFO ] : Confirming...
2015-01-07 22:28:55 [ MainThread ] [ INFO ] : Checking user mcgoga12
2015-01-07 22:29:02 [ MainThread ] [ INFO ] : Checking user kleitc13
2015-01-07 22:29:09 [ MainThread ] [ INFO ] : Checking user diazja13
2015-01-07 22:29:15 [ MainThread ] [ INFO ] : Checking user keanns13
2015-01-07 22:29:21 [ MainThread ] [ INFO ] : Checking user sandef13
2015-01-07 22:29:28 [ MainThread ] [ INFO ] : Checking user vansdr13
2015-01-07 22:29:33 [ MainThread ] [ INFO ] : Checking user shelbj12
2015-01-07 22:29:39 [ MainThread ] [ INFO ] : Checking user barrwd12
2015-01-07 22:29:44 [ MainThread ] [ INFO ] : --------------------
2015-01-07 22:41:48 [ MainThread ] [ INFO ] : //NEW LOG BLOCK --------------------
2015-01-07 22:41:48 [ MainThread ] [ INFO ] :  Beginning StudyBug at 2015-01-07 22:41:48.654414
2015-01-07 22:41:49 [ MainThread ] [ WARNING ] : No available time slots for room: room-225 between 11:30 AM and 3:00 AM
2015-01-07 22:41:49 [ MainThread ] [ INFO ] : Confirming...
2015-01-07 22:41:52 [ MainThread ] [ INFO ] : Checking user mcgoga12
2015-01-07 22:41:57 [ MainThread ] [ INFO ] : Checking user kleitc13
2015-01-07 22:42:02 [ MainThread ] [ INFO ] : Checking user diazja13
2015-01-07 22:42:07 [ MainThread ] [ INFO ] : Checking user keanns13
2015-01-07 22:42:11 [ MainThread ] [ INFO ] : --------------------
